This file contains any messages produced by compilers while
running configure, to aid debugging if configure makes a mistake.

It was created by configure, which was
generated by GNU Autoconf 2.69.  Invocation command line was

  $ ./configure 

## --------- ##
## Platform. ##
## --------- ##

hostname = thirtyonetwentyone
uname -m = x86_64
uname -r = 4.12.0-1-amd64
uname -s = Linux
uname -v = #1 SMP Debian 4.12.6-1 (2017-08-12)

/usr/bin/uname -p = unknown
/bin/uname -X     = unknown

/bin/arch              = unknown
/usr/bin/arch -k       = unknown
/usr/convex/getsysinfo = unknown
/usr/bin/hostinfo      = unknown
/bin/machine           = unknown
/usr/bin/oslevel       = unknown
/bin/universe          = unknown

PATH: /usr/local/sbin
PATH: /usr/local/bin
PATH: /usr/sbin
PATH: /usr/bin
PATH: /sbin
PATH: /bin


## ----------- ##
## Core tests. ##
## ----------- ##

configure:2071: CC: gcc -std=gnu99
configure:2073: CXX: g++
configure:2100: checking for gdal-config
configure:2118: found /usr/bin/gdal-config
configure:2131: result: /usr/bin/gdal-config
configure:2168: checking gdal-config usability
configure:2177: result: yes
configure:2196: GDAL: 2.2.1
configure:2198: checking GDAL version >= 2.0.0
configure:2207: result: yes
configure:2275: checking for gcc
configure:2302: result: gcc -std=gnu99
configure:2531: checking for C compiler version
configure:2540: gcc -std=gnu99 --version >&5
gcc (Debian 7.2.0-1) 7.2.0
Copyright (C) 2017 Free Software Foundation, Inc.
This is free software; see the source for copying conditions.  There is NO
warranty; not even for MERCHANTABILITY or FITNESS FOR A PARTICULAR PURPOSE.

configure:2551: $? = 0
configure:2540: gcc -std=gnu99 -v >&5
Using built-in specs.
COLLECT_GCC=gcc
COLLECT_LTO_WRAPPER=/usr/lib/gcc/x86_64-linux-gnu/7/lto-wrapper
OFFLOAD_TARGET_NAMES=nvptx-none
OFFLOAD_TARGET_DEFAULT=1
Target: x86_64-linux-gnu
Configured with: ../src/configure -v --with-pkgversion='Debian 7.2.0-1' --with-bugurl=file:///usr/share/doc/gcc-7/README.Bugs --enable-languages=c,ada,c++,go,brig,d,fortran,objc,obj-c++ --prefix=/usr --with-gcc-major-version-only --program-suffix=-7 --program-prefix=x86_64-linux-gnu- --enable-shared --enable-linker-build-id --libexecdir=/usr/lib --without-included-gettext --enable-threads=posix --libdir=/usr/lib --enable-nls --with-sysroot=/ --enable-clocale=gnu --enable-libstdcxx-debug --enable-libstdcxx-time=yes --with-default-libstdcxx-abi=new --enable-gnu-unique-object --disable-vtable-verify --enable-libmpx --enable-plugin --enable-default-pie --with-system-zlib --with-target-system-zlib --enable-objc-gc=auto --enable-multiarch --disable-werror --with-arch-32=i686 --with-abi=m64 --with-multilib-list=m32,m64,mx32 --enable-multilib --with-tune=generic --enable-offload-targets=nvptx-none --without-cuda-driver --enable-checking=release --build=x86_64-linux-gnu --host=x86_64-linux-gnu --target=x86_64-linux-gnu
Thread model: posix
gcc version 7.2.0 (Debian 7.2.0-1) 
configure:2551: $? = 0
configure:2540: gcc -std=gnu99 -V >&5
gcc: error: unrecognized command line option '-V'
gcc: fatal error: no input files
compilation terminated.
configure:2551: $? = 1
configure:2540: gcc -std=gnu99 -qversion >&5
gcc: error: unrecognized command line option '-qversion'; did you mean '--version'?
gcc: fatal error: no input files
compilation terminated.
configure:2551: $? = 1
configure:2571: checking whether the C compiler works
configure:2593: gcc -std=gnu99 -g -O2 -fdebug-prefix-map=/build/r-base-3.4.1=. -fstack-protector-strong -Wformat -Werror=format-security -Wdate-time -D_FORTIFY_SOURCE=2 -g   -I/usr/include/gdal -Wl,-z,relro conftest.c  >&5
configure:2597: $? = 0
configure:2645: result: yes
configure:2648: checking for C compiler default output file name
configure:2650: result: a.out
configure:2656: checking for suffix of executables
configure:2663: gcc -std=gnu99 -o conftest -g -O2 -fdebug-prefix-map=/build/r-base-3.4.1=. -fstack-protector-strong -Wformat -Werror=format-security -Wdate-time -D_FORTIFY_SOURCE=2 -g   -I/usr/include/gdal -Wl,-z,relro conftest.c  >&5
configure:2667: $? = 0
configure:2689: result: 
configure:2711: checking whether we are cross compiling
configure:2719: gcc -std=gnu99 -o conftest -g -O2 -fdebug-prefix-map=/build/r-base-3.4.1=. -fstack-protector-strong -Wformat -Werror=format-security -Wdate-time -D_FORTIFY_SOURCE=2 -g   -I/usr/include/gdal -Wl,-z,relro conftest.c  >&5
configure:2723: $? = 0
configure:2730: ./conftest
configure:2734: $? = 0
configure:2749: result: no
configure:2754: checking for suffix of object files
configure:2776: gcc -std=gnu99 -c -g -O2 -fdebug-prefix-map=/build/r-base-3.4.1=. -fstack-protector-strong -Wformat -Werror=format-security -Wdate-time -D_FORTIFY_SOURCE=2 -g   -I/usr/include/gdal conftest.c >&5
configure:2780: $? = 0
configure:2801: result: o
configure:2805: checking whether we are using the GNU C compiler
configure:2824: gcc -std=gnu99 -c -g -O2 -fdebug-prefix-map=/build/r-base-3.4.1=. -fstack-protector-strong -Wformat -Werror=format-security -Wdate-time -D_FORTIFY_SOURCE=2 -g   -I/usr/include/gdal conftest.c >&5
configure:2824: $? = 0
configure:2833: result: yes
configure:2842: checking whether gcc -std=gnu99 accepts -g
configure:2862: gcc -std=gnu99 -c -g   -I/usr/include/gdal conftest.c >&5
configure:2862: $? = 0
configure:2903: result: yes
configure:2920: checking for gcc -std=gnu99 option to accept ISO C89
configure:2983: gcc -std=gnu99  -c -g -O2 -fdebug-prefix-map=/build/r-base-3.4.1=. -fstack-protector-strong -Wformat -Werror=format-security -Wdate-time -D_FORTIFY_SOURCE=2 -g   -I/usr/include/gdal conftest.c >&5
configure:2983: $? = 0
configure:2996: result: none needed
configure:3022: checking how to run the C preprocessor
configure:3092: result: gcc -std=gnu99 -E
configure:3112: gcc -std=gnu99 -E   -I/usr/include/gdal conftest.c
configure:3112: $? = 0
configure:3126: gcc -std=gnu99 -E   -I/usr/include/gdal conftest.c
conftest.c:9:10: fatal error: ac_nonexistent.h: No such file or directory
 #include <ac_nonexistent.h>
          ^~~~~~~~~~~~~~~~~~
compilation terminated.
configure:3126: $? = 1
configure: failed program was:
| /* confdefs.h */
| #define PACKAGE_NAME ""
| #define PACKAGE_TARNAME ""
| #define PACKAGE_VERSION ""
| #define PACKAGE_STRING ""
| #define PACKAGE_BUGREPORT ""
| #define PACKAGE_URL ""
| /* end confdefs.h.  */
| #include <ac_nonexistent.h>
configure:3155: checking for grep that handles long lines and -e
configure:3213: result: /bin/grep
configure:3218: checking for egrep
configure:3280: result: /bin/grep -E
configure:3285: checking for ANSI C header files
configure:3305: gcc -std=gnu99 -c -g -O2 -fdebug-prefix-map=/build/r-base-3.4.1=. -fstack-protector-strong -Wformat -Werror=format-security -Wdate-time -D_FORTIFY_SOURCE=2 -g   -I/usr/include/gdal conftest.c >&5
configure:3305: $? = 0
configure:3378: gcc -std=gnu99 -o conftest -g -O2 -fdebug-prefix-map=/build/r-base-3.4.1=. -fstack-protector-strong -Wformat -Werror=format-security -Wdate-time -D_FORTIFY_SOURCE=2 -g   -I/usr/include/gdal -Wl,-z,relro conftest.c  >&5
configure:3378: $? = 0
configure:3378: ./conftest
configure:3378: $? = 0
configure:3389: result: yes
configure:3402: checking for sys/types.h
configure:3402: gcc -std=gnu99 -c -g -O2 -fdebug-prefix-map=/build/r-base-3.4.1=. -fstack-protector-strong -Wformat -Werror=format-security -Wdate-time -D_FORTIFY_SOURCE=2 -g   -I/usr/include/gdal conftest.c >&5
configure:3402: $? = 0
configure:3402: result: yes
configure:3402: checking for sys/stat.h
configure:3402: gcc -std=gnu99 -c -g -O2 -fdebug-prefix-map=/build/r-base-3.4.1=. -fstack-protector-strong -Wformat -Werror=format-security -Wdate-time -D_FORTIFY_SOURCE=2 -g   -I/usr/include/gdal conftest.c >&5
configure:3402: $? = 0
configure:3402: result: yes
configure:3402: checking for stdlib.h
configure:3402: gcc -std=gnu99 -c -g -O2 -fdebug-prefix-map=/build/r-base-3.4.1=. -fstack-protector-strong -Wformat -Werror=format-security -Wdate-time -D_FORTIFY_SOURCE=2 -g   -I/usr/include/gdal conftest.c >&5
configure:3402: $? = 0
configure:3402: result: yes
configure:3402: checking for string.h
configure:3402: gcc -std=gnu99 -c -g -O2 -fdebug-prefix-map=/build/r-base-3.4.1=. -fstack-protector-strong -Wformat -Werror=format-security -Wdate-time -D_FORTIFY_SOURCE=2 -g   -I/usr/include/gdal conftest.c >&5
configure:3402: $? = 0
configure:3402: result: yes
configure:3402: checking for memory.h
configure:3402: gcc -std=gnu99 -c -g -O2 -fdebug-prefix-map=/build/r-base-3.4.1=. -fstack-protector-strong -Wformat -Werror=format-security -Wdate-time -D_FORTIFY_SOURCE=2 -g   -I/usr/include/gdal conftest.c >&5
configure:3402: $? = 0
configure:3402: result: yes
configure:3402: checking for strings.h
configure:3402: gcc -std=gnu99 -c -g -O2 -fdebug-prefix-map=/build/r-base-3.4.1=. -fstack-protector-strong -Wformat -Werror=format-security -Wdate-time -D_FORTIFY_SOURCE=2 -g   -I/usr/include/gdal conftest.c >&5
configure:3402: $? = 0
configure:3402: result: yes
configure:3402: checking for inttypes.h
configure:3402: gcc -std=gnu99 -c -g -O2 -fdebug-prefix-map=/build/r-base-3.4.1=. -fstack-protector-strong -Wformat -Werror=format-security -Wdate-time -D_FORTIFY_SOURCE=2 -g   -I/usr/include/gdal conftest.c >&5
configure:3402: $? = 0
configure:3402: result: yes
configure:3402: checking for stdint.h
configure:3402: gcc -std=gnu99 -c -g -O2 -fdebug-prefix-map=/build/r-base-3.4.1=. -fstack-protector-strong -Wformat -Werror=format-security -Wdate-time -D_FORTIFY_SOURCE=2 -g   -I/usr/include/gdal conftest.c >&5
configure:3402: $? = 0
configure:3402: result: yes
configure:3402: checking for unistd.h
configure:3402: gcc -std=gnu99 -c -g -O2 -fdebug-prefix-map=/build/r-base-3.4.1=. -fstack-protector-strong -Wformat -Werror=format-security -Wdate-time -D_FORTIFY_SOURCE=2 -g   -I/usr/include/gdal conftest.c >&5
configure:3402: $? = 0
configure:3402: result: yes
configure:3416: checking gdal.h usability
configure:3416: gcc -std=gnu99 -c -g -O2 -fdebug-prefix-map=/build/r-base-3.4.1=. -fstack-protector-strong -Wformat -Werror=format-security -Wdate-time -D_FORTIFY_SOURCE=2 -g   -I/usr/include/gdal conftest.c >&5
configure:3416: $? = 0
configure:3416: result: yes
configure:3416: checking gdal.h presence
configure:3416: gcc -std=gnu99 -E   -I/usr/include/gdal conftest.c
configure:3416: $? = 0
configure:3416: result: yes
configure:3416: checking for gdal.h
configure:3416: result: yes
configure:3447: checking GDAL: linking with --libs only
configure:3455: result: yes
configure:3489: checking GDAL: /usr/share/gdal/2.2/pcs.csv readable
configure:3492: result: yes
configure:3564: checking GDAL: checking whether PROJ.4 is available for linking:
configure:3573: result: yes
configure:3584: checking GDAL: checking whether PROJ.4 is available fur running:
configure:3593: result: yes
configure:3609: pkg-config proj exists, will use it
configure:3641: checking proj_api.h usability
configure:3641: gcc -std=gnu99 -c -g -O2 -fdebug-prefix-map=/build/r-base-3.4.1=. -fstack-protector-strong -Wformat -Werror=format-security -Wdate-time -D_FORTIFY_SOURCE=2 -g   -I/usr/include/gdal -I/usr/local/include conftest.c >&5
configure:3641: $? = 0
configure:3641: result: yes
configure:3641: checking proj_api.h presence
configure:3641: gcc -std=gnu99 -E   -I/usr/include/gdal -I/usr/local/include conftest.c
configure:3641: $? = 0
configure:3641: result: yes
configure:3641: checking for proj_api.h
configure:3641: result: yes
configure:3673: PROJ: 4.9.3
configure:3683: checking for pj_init_plus in -lproj
configure:3708: gcc -std=gnu99 -o conftest -g -O2 -fdebug-prefix-map=/build/r-base-3.4.1=. -fstack-protector-strong -Wformat -Werror=format-security -Wdate-time -D_FORTIFY_SOURCE=2 -g   -I/usr/include/gdal -I/usr/local/include -Wl,-z,relro conftest.c -lproj    -L/usr/lib -lgdal -L/usr/local/lib -lproj  >&5
configure:3708: $? = 0
configure:3717: result: yes
configure:3797: checking PROJ.4: epsg found and readable
configure:3804: result: yes
configure:3856: checking PROJ.4: conus found and readable
configure:3863: result: yes
configure:3900: checking for geos-config
configure:3918: found /usr/bin/geos-config
configure:3931: result: /usr/bin/geos-config
configure:3967: checking geos-config usability
configure:3976: result: yes
configure:3985: GEOS: 3.5.1
configure:3987: checking GEOS version >= 3.3.0
configure:3995: result: yes
configure:4017: checking geos_c.h usability
configure:4017: gcc -std=gnu99 -c -g -O2 -fdebug-prefix-map=/build/r-base-3.4.1=. -fstack-protector-strong -Wformat -Werror=format-security -Wdate-time -D_FORTIFY_SOURCE=2 -g   -I/usr/include/gdal -I/usr/local/include  -I/usr/local/include -I/usr/include/gdal -I/usr/include conftest.c >&5
configure:4017: $? = 0
configure:4017: result: yes
configure:4017: checking geos_c.h presence
configure:4017: gcc -std=gnu99 -E   -I/usr/include/gdal -I/usr/local/include  -I/usr/local/include -I/usr/include/gdal -I/usr/include conftest.c
configure:4017: $? = 0
configure:4017: result: yes
configure:4017: checking for geos_c.h
configure:4017: result: yes
configure:4054: checking geos: linking with -L/usr/lib/x86_64-linux-gnu -lgeos_c
configure:4064: result: yes
configure:4111: checking liblwgeom.h usability
configure:4111: gcc -std=gnu99 -c -g -O2 -fdebug-prefix-map=/build/r-base-3.4.1=. -fstack-protector-strong -Wformat -Werror=format-security -Wdate-time -D_FORTIFY_SOURCE=2 -g   -I/usr/include/gdal -I/usr/local/include  -I/usr/local/include -I/usr/include/gdal -I/usr/include conftest.c >&5
conftest.c:56:10: fatal error: liblwgeom.h: No such file or directory
 #include <liblwgeom.h>
          ^~~~~~~~~~~~~
compilation terminated.
configure:4111: $? = 1
configure: failed program was:
| /* confdefs.h */
| #define PACKAGE_NAME ""
| #define PACKAGE_TARNAME ""
| #define PACKAGE_VERSION ""
| #define PACKAGE_STRING ""
| #define PACKAGE_BUGREPORT ""
| #define PACKAGE_URL ""
| #define STDC_HEADERS 1
| #define HAVE_SYS_TYPES_H 1
| #define HAVE_SYS_STAT_H 1
| #define HAVE_STDLIB_H 1
| #define HAVE_STRING_H 1
| #define HAVE_MEMORY_H 1
| #define HAVE_STRINGS_H 1
| #define HAVE_INTTYPES_H 1
| #define HAVE_STDINT_H 1
| #define HAVE_UNISTD_H 1
| #define HAVE_GDAL_H 1
| #define HAVE_PROJ_API_H 1
| #define HAVE_LIBPROJ 1
| #define HAVE_GEOS_C_H 1
| /* end confdefs.h.  */
| #include <stdio.h>
| #ifdef HAVE_SYS_TYPES_H
| # include <sys/types.h>
| #endif
| #ifdef HAVE_SYS_STAT_H
| # include <sys/stat.h>
| #endif
| #ifdef STDC_HEADERS
| # include <stdlib.h>
| # include <stddef.h>
| #else
| # ifdef HAVE_STDLIB_H
| #  include <stdlib.h>
| # endif
| #endif
| #ifdef HAVE_STRING_H
| # if !defined STDC_HEADERS && defined HAVE_MEMORY_H
| #  include <memory.h>
| # endif
| # include <string.h>
| #endif
| #ifdef HAVE_STRINGS_H
| # include <strings.h>
| #endif
| #ifdef HAVE_INTTYPES_H
| # include <inttypes.h>
| #endif
| #ifdef HAVE_STDINT_H
| # include <stdint.h>
| #endif
| #ifdef HAVE_UNISTD_H
| # include <unistd.h>
| #endif
| #include <liblwgeom.h>
configure:4111: result: no
configure:4111: checking liblwgeom.h presence
configure:4111: gcc -std=gnu99 -E   -I/usr/include/gdal -I/usr/local/include  -I/usr/local/include -I/usr/include/gdal -I/usr/include conftest.c
conftest.c:23:10: fatal error: liblwgeom.h: No such file or directory
 #include <liblwgeom.h>
          ^~~~~~~~~~~~~
compilation terminated.
configure:4111: $? = 1
configure: failed program was:
| /* confdefs.h */
| #define PACKAGE_NAME ""
| #define PACKAGE_TARNAME ""
| #define PACKAGE_VERSION ""
| #define PACKAGE_STRING ""
| #define PACKAGE_BUGREPORT ""
| #define PACKAGE_URL ""
| #define STDC_HEADERS 1
| #define HAVE_SYS_TYPES_H 1
| #define HAVE_SYS_STAT_H 1
| #define HAVE_STDLIB_H 1
| #define HAVE_STRING_H 1
| #define HAVE_MEMORY_H 1
| #define HAVE_STRINGS_H 1
| #define HAVE_INTTYPES_H 1
| #define HAVE_STDINT_H 1
| #define HAVE_UNISTD_H 1
| #define HAVE_GDAL_H 1
| #define HAVE_PROJ_API_H 1
| #define HAVE_LIBPROJ 1
| #define HAVE_GEOS_C_H 1
| /* end confdefs.h.  */
| #include <liblwgeom.h>
configure:4111: result: no
configure:4111: checking for liblwgeom.h
configure:4111: result: no
configure:4124: liblwgeom.h not found.
configure:4183: Package CPP flags:  -I/usr/local/include -I/usr/include/gdal -I/usr/include
configure:4185: Package LIBS:  -L/usr/lib -lgdal -L/usr/lib/x86_64-linux-gnu -lgeos_c -L/usr/local/lib -lproj 
configure:4340: creating ./config.status

## ---------------------- ##
## Running config.status. ##
## ---------------------- ##

This file was extended by config.status, which was
generated by GNU Autoconf 2.69.  Invocation command line was

  CONFIG_FILES    = 
  CONFIG_HEADERS  = 
  CONFIG_LINKS    = 
  CONFIG_COMMANDS = 
  $ ./config.status 

on thirtyonetwentyone

config.status:730: creating src/Makevars

## ---------------- ##
## Cache variables. ##
## ---------------- ##

ac_cv_c_compiler_gnu=yes
ac_cv_env_CC_set=
ac_cv_env_CC_value=
ac_cv_env_CFLAGS_set=
ac_cv_env_CFLAGS_value=
ac_cv_env_CPPFLAGS_set=
ac_cv_env_CPPFLAGS_value=
ac_cv_env_CPP_set=
ac_cv_env_CPP_value=
ac_cv_env_LDFLAGS_set=
ac_cv_env_LDFLAGS_value=
ac_cv_env_LIBS_set=
ac_cv_env_LIBS_value=
ac_cv_env_build_alias_set=
ac_cv_env_build_alias_value=
ac_cv_env_host_alias_set=
ac_cv_env_host_alias_value=
ac_cv_env_target_alias_set=
ac_cv_env_target_alias_value=
ac_cv_header_gdal_h=yes
ac_cv_header_geos_c_h=yes
ac_cv_header_inttypes_h=yes
ac_cv_header_liblwgeom_h=no
ac_cv_header_memory_h=yes
ac_cv_header_proj_api_h=yes
ac_cv_header_stdc=yes
ac_cv_header_stdint_h=yes
ac_cv_header_stdlib_h=yes
ac_cv_header_string_h=yes
ac_cv_header_strings_h=yes
ac_cv_header_sys_stat_h=yes
ac_cv_header_sys_types_h=yes
ac_cv_header_unistd_h=yes
ac_cv_lib_proj_pj_init_plus=yes
ac_cv_objext=o
ac_cv_path_EGREP='/bin/grep -E'
ac_cv_path_GDAL_CONFIG=/usr/bin/gdal-config
ac_cv_path_GEOS_CONFIG=/usr/bin/geos-config
ac_cv_path_GREP=/bin/grep
ac_cv_prog_CPP='gcc -std=gnu99 -E'
ac_cv_prog_ac_ct_CC='gcc -std=gnu99'
ac_cv_prog_cc_c89=
ac_cv_prog_cc_g=yes

## ----------------- ##
## Output variables. ##
## ----------------- ##

CC='gcc -std=gnu99'
CFLAGS='-g -O2 -fdebug-prefix-map=/build/r-base-3.4.1=. -fstack-protector-strong -Wformat -Werror=format-security -Wdate-time -D_FORTIFY_SOURCE=2 -g'
CPP='gcc -std=gnu99 -E'
CPPFLAGS='  -I/usr/include/gdal -I/usr/local/include  -I/usr/local/include -I/usr/include/gdal -I/usr/include'
DEFS='-DPACKAGE_NAME=\"\" -DPACKAGE_TARNAME=\"\" -DPACKAGE_VERSION=\"\" -DPACKAGE_STRING=\"\" -DPACKAGE_BUGREPORT=\"\" -DPACKAGE_URL=\"\" -DSTDC_HEADERS=1 -DHAVE_SYS_TYPES_H=1 -DHAVE_SYS_STAT_H=1 -DHAVE_STDLIB_H=1 -DHAVE_STRING_H=1 -DHAVE_MEMORY_H=1 -DHAVE_STRINGS_H=1 -DHAVE_INTTYPES_H=1 -DHAVE_STDINT_H=1 -DHAVE_UNISTD_H=1 -DHAVE_GDAL_H=1 -DHAVE_PROJ_API_H=1 -DHAVE_LIBPROJ=1 -DHAVE_GEOS_C_H=1'
ECHO_C=''
ECHO_N='-n'
ECHO_T=''
EGREP='/bin/grep -E'
EXEEXT=''
GDAL_CONFIG='/usr/bin/gdal-config'
GEOS_CONFIG='/usr/bin/geos-config'
GREP='/bin/grep'
LDFLAGS='-Wl,-z,relro'
LIBOBJS=''
LIBS='-lproj   -L/usr/lib -lgdal -L/usr/local/lib -lproj   -L/usr/lib -lgdal'
LTLIBOBJS=''
OBJEXT='o'
PACKAGE_BUGREPORT=''
PACKAGE_NAME=''
PACKAGE_STRING=''
PACKAGE_TARNAME=''
PACKAGE_URL=''
PACKAGE_VERSION=''
PATH_SEPARATOR=':'
PKG_CPPFLAGS=' -I/usr/local/include -I/usr/include/gdal -I/usr/include'
PKG_LIBS=' -L/usr/lib -lgdal -L/usr/lib/x86_64-linux-gnu -lgeos_c -L/usr/local/lib -lproj '
PROJ_CPPFLAGS='-I/usr/local/include'
PROJ_LIBS='-L/usr/local/lib -lproj '
SHELL='/bin/bash'
ac_ct_CC='gcc -std=gnu99'
bindir='${exec_prefix}/bin'
build_alias=''
datadir='${datarootdir}'
datarootdir='${prefix}/share'
docdir='${datarootdir}/doc/${PACKAGE}'
dvidir='${docdir}'
exec_prefix='${prefix}'
host_alias=''
htmldir='${docdir}'
includedir='${prefix}/include'
infodir='${datarootdir}/info'
libdir='${exec_prefix}/lib'
libexecdir='${exec_prefix}/libexec'
localedir='${datarootdir}/locale'
localstatedir='${prefix}/var'
mandir='${datarootdir}/man'
oldincludedir='/usr/include'
pdfdir='${docdir}'
prefix='/usr/local'
program_transform_name='s,x,x,'
psdir='${docdir}'
runstatedir='${localstatedir}/run'
sbindir='${exec_prefix}/sbin'
sharedstatedir='${prefix}/com'
sysconfdir='${prefix}/etc'
target_alias=''

## ----------- ##
## confdefs.h. ##
## ----------- ##

/* confdefs.h */
#define PACKAGE_NAME ""
#define PACKAGE_TARNAME ""
#define PACKAGE_VERSION ""
#define PACKAGE_STRING ""
#define PACKAGE_BUGREPORT ""
#define PACKAGE_URL ""
#define STDC_HEADERS 1
#define HAVE_SYS_TYPES_H 1
#define HAVE_SYS_STAT_H 1
#define HAVE_STDLIB_H 1
#define HAVE_STRING_H 1
#define HAVE_MEMORY_H 1
#define HAVE_STRINGS_H 1
#define HAVE_INTTYPES_H 1
#define HAVE_STDINT_H 1
#define HAVE_UNISTD_H 1
#define HAVE_GDAL_H 1
#define HAVE_PROJ_API_H 1
#define HAVE_LIBPROJ 1
#define HAVE_GEOS_C_H 1

configure: exit 0
