* using log directory '//vapour.Rcheck'
* using R Under development (unstable) (2023-04-04 r84162)
* using platform: x86_64-pc-linux-gnu (64-bit)
* R was compiled by
    gcc (Debian 10.2.1-6) 10.2.1 20210110
    GNU Fortran (Debian 10.2.1-6) 10.2.1 20210110
* running under: Debian GNU/Linux 11 (bullseye)
* using session charset: ASCII
* using options '--no-manual --ignore-vignettes'
* checking for file 'vapour/DESCRIPTION' ... OK
* this is package 'vapour' version '0.9.5'
* package encoding: UTF-8
* checking package namespace information ... OK
* checking package dependencies ... OK
* checking if this is a source package ... OK
* checking if there is a namespace ... OK
* checking for executable files ... OK
* checking for hidden files and directories ... OK
* checking for portable file names ... OK
* checking for sufficient/correct file permissions ... OK
* checking whether package 'vapour' can be installed ... OK
* used C++ compiler: 'Debian clang version 15.0.7'
* checking installed package size ... NOTE
  installed size is  6.7Mb
  sub-directories of 1Mb or more:
    extdata   2.8Mb
    libs      2.9Mb
* checking package directory ... OK
* checking DESCRIPTION meta-information ... OK
* checking top-level files ... OK
* checking for left-over files ... OK
* checking index information ... OK
* checking package subdirectories ... OK
* checking R files for non-ASCII characters ... OK
* checking R files for syntax errors ... WARNING
Warning in Sys.setlocale("LC_CTYPE", "en_US.UTF-8") :
  OS reports request to set locale to "en_US.UTF-8" cannot be honored
* checking whether the package can be loaded ... OK
* checking whether the package can be loaded with stated dependencies ... OK
* checking whether the package can be unloaded cleanly ... OK
* checking whether the namespace can be loaded with stated dependencies ... OK
* checking whether the namespace can be unloaded cleanly ... OK
* checking loading without being on the library search path ... OK
* checking startup messages can be suppressed ... OK
* checking dependencies in R code ... OK
* checking S3 generic/method consistency ... OK
* checking replacement functions ... OK
* checking foreign function calls ... OK
* checking R code for possible problems ... OK
* checking Rd files ... OK
* checking Rd metadata ... OK
* checking Rd cross-references ... OK
* checking for missing documentation entries ... OK
* checking for code/documentation mismatches ... OK
* checking Rd \usage sections ... OK
* checking Rd contents ... OK
* checking for unstated dependencies in examples ... OK
* checking contents of 'data' directory ... OK
* checking data for non-ASCII characters ... OK
* checking LazyData ... OK
* checking data for ASCII and uncompressed saves ... OK
* checking R/sysdata.rda ... OK
* checking line endings in shell scripts ... OK
* checking line endings in C/C++/Fortran sources/headers ... OK
* checking line endings in Makefiles ... OK
* checking compilation flags in Makevars ... WARNING
Non-portable flags in variable 'PKG_CPPFLAGS':
  -Wconversion
* checking for GNU extensions in Makefiles ... OK
* checking for portable use of $(BLAS_LIBS) and $(LAPACK_LIBS) ... OK
* checking use of PKG_*FLAGS in Makefiles ... OK
* checking compiled code ... OK
* checking files in 'vignettes' ... SKIPPED
* checking examples ... OK
* checking for unstated dependencies in 'tests' ... OK
* checking tests ...
  Running 'spelling.R'
  Running 'testthat.R'
 OK
* DONE

Status: 2 WARNINGs, 1 NOTE
See
  '//vapour.Rcheck/00check.log'
for details.


